0 verbose cli /usr/local/bin/node /usr/local/bin/npm
1 info using npm@10.9.4
2 info using node@v22.21.0
3 silly config load:file:/usr/local/lib/node_modules/npm/npmrc
4 silly config load:file:/Users/sahilansari/My Disk/Project X/server/.npmrc
5 silly config load:file:/Users/sahilansari/.npmrc
6 silly config load:file:/usr/local/etc/npmrc
7 verbose title npm install @supabase/supabase-js
8 verbose argv "install" "@supabase/supabase-js"
9 verbose logfile logs-max:10 dir:/Users/sahilansari/My Disk/Project X/server/.npm-cache/_logs/2026-04-17T13_14_04_622Z-
10 verbose logfile /Users/sahilansari/My Disk/Project X/server/.npm-cache/_logs/2026-04-17T13_14_04_622Z-debug-0.log
11 silly logfile done cleaning log files
12 silly packumentCache heap:4345298944 maxSize:1086324736 maxEntrySize:543162368
13 silly idealTree buildDeps
14 silly fetch manifest @supabase/supabase-js@*
15 silly packumentCache full:https://registry.npmjs.org/@supabase%2fsupabase-js cache-miss
16 http fetch GET 200 https://registry.npmjs.org/@supabase%2fsupabase-js 130ms (cache miss)
17 silly packumentCache full:https://registry.npmjs.org/@supabase%2fsupabase-js set size:undefined disposed:false
18 silly placeDep ROOT @supabase/supabase-js@2.103.3 OK for: server@1.0.0 want: *
19 silly fetch manifest @supabase/auth-js@2.103.3
20 silly packumentCache full:https://registry.npmjs.org/@supabase%2fauth-js cache-miss
21 silly fetch manifest @supabase/storage-js@2.103.3
22 silly packumentCache full:https://registry.npmjs.org/@supabase%2fstorage-js cache-miss
23 silly fetch manifest @supabase/realtime-js@2.103.3
24 silly packumentCache full:https://registry.npmjs.org/@supabase%2frealtime-js cache-miss
25 silly fetch manifest @supabase/functions-js@2.103.3
26 silly packumentCache full:https://registry.npmjs.org/@supabase%2ffunctions-js cache-miss
27 silly fetch manifest @supabase/postgrest-js@2.103.3
28 silly packumentCache full:https://registry.npmjs.org/@supabase%2fpostgrest-js cache-miss
29 http fetch GET 200 https://registry.npmjs.org/@supabase%2fauth-js 80ms (cache miss)
30 silly packumentCache full:https://registry.npmjs.org/@supabase%2fauth-js set size:undefined disposed:false
31 http fetch GET 200 https://registry.npmjs.org/@supabase%2fstorage-js 83ms (cache miss)
32 silly packumentCache full:https://registry.npmjs.org/@supabase%2fstorage-js set size:undefined disposed:false
33 http fetch GET 200 https://registry.npmjs.org/@supabase%2fpostgrest-js 86ms (cache miss)
34 silly packumentCache full:https://registry.npmjs.org/@supabase%2fpostgrest-js set size:undefined disposed:false
35 http fetch GET 200 https://registry.npmjs.org/@supabase%2ffunctions-js 323ms (cache miss)
36 silly packumentCache full:https://registry.npmjs.org/@supabase%2ffunctions-js set size:undefined disposed:false
37 http fetch GET 200 https://registry.npmjs.org/@supabase%2frealtime-js 599ms (cache miss)
38 silly packumentCache full:https://registry.npmjs.org/@supabase%2frealtime-js set size:undefined disposed:false
39 silly placeDep ROOT @supabase/auth-js@2.103.3 OK for: @supabase/supabase-js@2.103.3 want: 2.103.3
40 silly placeDep ROOT @supabase/functions-js@2.103.3 OK for: @supabase/supabase-js@2.103.3 want: 2.103.3
41 silly placeDep ROOT @supabase/postgrest-js@2.103.3 OK for: @supabase/supabase-js@2.103.3 want: 2.103.3
42 silly placeDep ROOT @supabase/realtime-js@2.103.3 OK for: @supabase/supabase-js@2.103.3 want: 2.103.3
43 silly placeDep ROOT @supabase/storage-js@2.103.3 OK for: @supabase/supabase-js@2.103.3 want: 2.103.3
44 silly fetch manifest tslib@2.8.1
45 silly packumentCache full:https://registry.npmjs.org/tslib cache-miss
46 silly fetch manifest tslib@2.8.1
47 silly packumentCache full:https://registry.npmjs.org/tslib cache-miss
48 silly fetch manifest tslib@2.8.1
49 silly packumentCache full:https://registry.npmjs.org/tslib cache-miss
50 silly fetch manifest ws@^8.18.2
51 silly packumentCache full:https://registry.npmjs.org/ws cache-miss
52 silly fetch manifest tslib@2.8.1
53 silly packumentCache full:https://registry.npmjs.org/tslib cache-miss
54 silly fetch manifest @types/ws@^8.18.1
55 silly packumentCache full:https://registry.npmjs.org/@types%2fws cache-miss
56 silly fetch manifest @supabase/phoenix@^0.4.0
57 silly packumentCache full:https://registry.npmjs.org/@supabase%2fphoenix cache-miss
58 silly fetch manifest tslib@2.8.1
59 silly packumentCache full:https://registry.npmjs.org/tslib cache-miss
60 silly fetch manifest iceberg-js@^0.8.1
61 silly packumentCache full:https://registry.npmjs.org/iceberg-js cache-miss
62 http fetch GET 200 https://registry.npmjs.org/tslib 39ms (cache miss)
63 silly packumentCache full:https://registry.npmjs.org/tslib set size:undefined disposed:false
64 http fetch GET 200 https://registry.npmjs.org/tslib 39ms (cache miss)
65 silly packumentCache full:https://registry.npmjs.org/tslib set size:undefined disposed:false
66 http fetch GET 200 https://registry.npmjs.org/tslib 40ms (cache miss)
67 silly packumentCache full:https://registry.npmjs.org/tslib set size:undefined disposed:false
68 http fetch GET 200 https://registry.npmjs.org/@types%2fws 60ms (cache miss)
69 silly packumentCache full:https://registry.npmjs.org/@types%2fws set size:undefined disposed:false
70 http fetch GET 200 https://registry.npmjs.org/tslib 84ms (cache miss)
71 silly packumentCache full:https://registry.npmjs.org/tslib set size:undefined disposed:false
72 http fetch GET 200 https://registry.npmjs.org/iceberg-js 97ms (cache miss)
73 silly packumentCache full:https://registry.npmjs.org/iceberg-js set size:undefined disposed:false
74 http fetch GET 200 https://registry.npmjs.org/ws 108ms (cache miss)
75 silly packumentCache full:https://registry.npmjs.org/ws set size:undefined disposed:false
76 http fetch GET 200 https://registry.npmjs.org/@supabase%2fphoenix 143ms (cache miss)
77 silly packumentCache full:https://registry.npmjs.org/@supabase%2fphoenix set size:undefined disposed:false
78 http fetch GET 200 https://registry.npmjs.org/tslib 313ms (cache miss)
79 silly packumentCache full:https://registry.npmjs.org/tslib set size:undefined disposed:false
80 silly placeDep ROOT tslib@2.8.1 OK for: @supabase/auth-js@2.103.3 want: 2.8.1
81 silly fetch manifest bufferutil@^4.0.1
82 silly packumentCache full:https://registry.npmjs.org/bufferutil cache-miss
83 http fetch GET 200 https://registry.npmjs.org/bufferutil 31ms (cache miss)
84 silly packumentCache full:https://registry.npmjs.org/bufferutil set size:undefined disposed:false
85 silly fetch manifest utf-8-validate@>=5.0.2
86 silly packumentCache full:https://registry.npmjs.org/utf-8-validate cache-miss
87 http fetch GET 200 https://registry.npmjs.org/utf-8-validate 37ms (cache miss)
88 silly packumentCache full:https://registry.npmjs.org/utf-8-validate set size:undefined disposed:false
89 silly placeDep ROOT @supabase/phoenix@0.4.0 OK for: @supabase/realtime-js@2.103.3 want: ^0.4.0
90 silly placeDep ROOT @types/ws@8.18.1 OK for: @supabase/realtime-js@2.103.3 want: ^8.18.1
91 silly placeDep ROOT ws@8.20.0 OK for: @supabase/realtime-js@2.103.3 want: ^8.18.2
92 silly fetch manifest @types/node@*
93 silly packumentCache full:https://registry.npmjs.org/@types%2fnode cache-miss
94 http fetch GET 200 https://registry.npmjs.org/@types%2fnode 167ms (cache miss)
95 silly packumentCache full:https://registry.npmjs.org/@types%2fnode set size:undefined disposed:false
96 silly placeDep ROOT iceberg-js@0.8.1 OK for: @supabase/storage-js@2.103.3 want: ^0.8.1
97 silly placeDep ROOT @types/node@25.6.0 OK for: @types/ws@8.18.1 want: *
98 silly fetch manifest undici-types@~7.19.0
99 silly packumentCache full:https://registry.npmjs.org/undici-types cache-miss
100 http fetch GET 200 https://registry.npmjs.org/undici-types 30ms (cache miss)
101 silly packumentCache full:https://registry.npmjs.org/undici-types set size:undefined disposed:false
102 silly placeDep ROOT undici-types@7.19.2 OK for: @types/node@25.6.0 want: ~7.19.0
103 silly reify moves {}
104 silly audit bulk request {
104 silly audit   accepts: [ '2.0.0' ],
104 silly audit   'body-parser': [ '2.2.2' ],
104 silly audit   bytes: [ '3.1.2' ],
104 silly audit   'call-bind-apply-helpers': [ '1.0.2' ],
104 silly audit   'call-bound': [ '1.0.4' ],
104 silly audit   'content-disposition': [ '1.1.0' ],
104 silly audit   'content-type': [ '1.0.5' ],
104 silly audit   cookie: [ '0.7.2' ],
104 silly audit   'cookie-signature': [ '1.2.2' ],
104 silly audit   cors: [ '2.8.6' ],
104 silly audit   crypto: [ '1.0.1' ],
104 silly audit   debug: [ '4.4.3' ],
104 silly audit   depd: [ '2.0.0' ],
104 silly audit   'dunder-proto': [ '1.0.1' ],
104 silly audit   'ee-first': [ '1.1.1' ],
104 silly audit   encodeurl: [ '2.0.0' ],
104 silly audit   'es-define-property': [ '1.0.1' ],
104 silly audit   'es-errors': [ '1.3.0' ],
104 silly audit   'es-object-atoms': [ '1.1.1' ],
104 silly audit   'escape-html': [ '1.0.3' ],
104 silly audit   etag: [ '1.8.1' ],
104 silly audit   express: [ '5.2.1' ],
104 silly audit   finalhandler: [ '2.1.1' ],
104 silly audit   forwarded: [ '0.2.0' ],
104 silly audit   fresh: [ '2.0.0' ],
104 silly audit   'function-bind': [ '1.1.2' ],
104 silly audit   'get-intrinsic': [ '1.3.0' ],
104 silly audit   'get-proto': [ '1.0.1' ],
104 silly audit   gopd: [ '1.2.0' ],
104 silly audit   'has-symbols': [ '1.1.0' ],
104 silly audit   hasown: [ '2.0.2' ],
104 silly audit   'http-errors': [ '2.0.1' ],
104 silly audit   'iconv-lite': [ '0.7.2' ],
104 silly audit   inherits: [ '2.0.4' ],
104 silly audit   'ipaddr.js': [ '1.9.1' ],
104 silly audit   'is-promise': [ '4.0.0' ],
104 silly audit   'math-intrinsics': [ '1.1.0' ],
104 silly audit   'media-typer': [ '1.1.0' ],
104 silly audit   'merge-descriptors': [ '2.0.0' ],
104 silly audit   'mime-db': [ '1.54.0' ],
104 silly audit   'mime-types': [ '3.0.2' ],
104 silly audit   ms: [ '2.1.3' ],
104 silly audit   negotiator: [ '1.0.0' ],
104 silly audit   nodemailer: [ '8.0.5' ],
104 silly audit   'object-assign': [ '4.1.1' ],
104 silly audit   'object-inspect': [ '1.13.4' ],
104 silly audit   'on-finished': [ '2.4.1' ],
104 silly audit   once: [ '1.4.0' ],
104 silly audit   parseurl: [ '1.3.3' ],
104 silly audit   'path-to-regexp': [ '8.4.2' ],
104 silly audit   'proxy-addr': [ '2.0.7' ],
104 silly audit   qs: [ '6.15.1' ],
104 silly audit   'range-parser': [ '1.2.1' ],
104 silly audit   'raw-body': [ '3.0.2' ],
104 silly audit   router: [ '2.2.0' ],
104 silly audit   'safer-buffer': [ '2.1.2' ],
104 silly audit   send: [ '1.2.1' ],
104 silly audit   'serve-static': [ '2.2.1' ],
104 silly audit   setprototypeof: [ '1.2.0' ],
104 silly audit   'side-channel': [ '1.1.0' ],
104 silly audit   'side-channel-list': [ '1.0.1' ],
104 silly audit   'side-channel-map': [ '1.0.1' ],
104 silly audit   'side-channel-weakmap': [ '1.0.2' ],
104 silly audit   statuses: [ '2.0.2' ],
104 silly audit   toidentifier: [ '1.0.1' ],
104 silly audit   'type-is': [ '2.0.1' ],
104 silly audit   unpipe: [ '1.0.0' ],
104 silly audit   vary: [ '1.1.2' ],
104 silly audit   wrappy: [ '1.0.2' ],
104 silly audit   '@supabase/supabase-js': [ '2.103.3' ],
104 silly audit   '@supabase/auth-js': [ '2.103.3' ],
104 silly audit   '@supabase/functions-js': [ '2.103.3' ],
104 silly audit   '@supabase/postgrest-js': [ '2.103.3' ],
104 silly audit   '@supabase/realtime-js': [ '2.103.3' ],
104 silly audit   '@supabase/storage-js': [ '2.103.3' ],
104 silly audit   tslib: [ '2.8.1' ],
104 silly audit   '@supabase/phoenix': [ '0.4.0' ],
104 silly audit   '@types/ws': [ '8.18.1' ],
104 silly audit   ws: [ '8.20.0' ],
104 silly audit   'iceberg-js': [ '0.8.1' ],
104 silly audit   '@types/node': [ '25.6.0' ],
104 silly audit   'undici-types': [ '7.19.2' ]
104 silly audit }
105 http cache undici-types@https://registry.npmjs.org/undici-types/-/undici-types-7.19.2.tgz 0ms (cache hit)
106 http cache iceberg-js@https://registry.npmjs.org/iceberg-js/-/iceberg-js-0.8.1.tgz 0ms (cache hit)
107 http cache ws@https://registry.npmjs.org/ws/-/ws-8.20.0.tgz 0ms (cache hit)
108 http cache @types/node@https://registry.npmjs.org/@types/node/-/node-25.6.0.tgz 0ms (cache hit)
109 http cache @types/ws@https://registry.npmjs.org/@types/ws/-/ws-8.18.1.tgz 0ms (cache hit)
110 http cache tslib@https://registry.npmjs.org/tslib/-/tslib-2.8.1.tgz 0ms (cache hit)
111 http cache @supabase/storage-js@https://registry.npmjs.org/@supabase/storage-js/-/storage-js-2.103.3.tgz 0ms (cache hit)
112 http cache @supabase/phoenix@https://registry.npmjs.org/@supabase/phoenix/-/phoenix-0.4.0.tgz 0ms (cache hit)
113 http cache @supabase/postgrest-js@https://registry.npmjs.org/@supabase/postgrest-js/-/postgrest-js-2.103.3.tgz 0ms (cache hit)
114 http cache @supabase/functions-js@https://registry.npmjs.org/@supabase/functions-js/-/functions-js-2.103.3.tgz 0ms (cache hit)
115 http cache @supabase/auth-js@https://registry.npmjs.org/@supabase/auth-js/-/auth-js-2.103.3.tgz 0ms (cache hit)
116 http cache @supabase/realtime-js@https://registry.npmjs.org/@supabase/realtime-js/-/realtime-js-2.103.3.tgz 0ms (cache hit)
117 http cache @supabase/supabase-js@https://registry.npmjs.org/@supabase/supabase-js/-/supabase-js-2.103.3.tgz 0ms (cache hit)
118 silly tarball no local data for undici-types@https://registry.npmjs.org/undici-types/-/undici-types-7.19.2.tgz. Extracting by manifest.
119 silly tarball no local data for ws@https://registry.npmjs.org/ws/-/ws-8.20.0.tgz. Extracting by manifest.
120 silly tarball no local data for iceberg-js@https://registry.npmjs.org/iceberg-js/-/iceberg-js-0.8.1.tgz. Extracting by manifest.
121 silly tarball no local data for @types/ws@https://registry.npmjs.org/@types/ws/-/ws-8.18.1.tgz. Extracting by manifest.
122 silly tarball no local data for @types/node@https://registry.npmjs.org/@types/node/-/node-25.6.0.tgz. Extracting by manifest.
123 silly tarball no local data for tslib@https://registry.npmjs.org/tslib/-/tslib-2.8.1.tgz. Extracting by manifest.
124 silly tarball no local data for @supabase/storage-js@https://registry.npmjs.org/@supabase/storage-js/-/storage-js-2.103.3.tgz. Extracting by manifest.
125 silly tarball no local data for @supabase/phoenix@https://registry.npmjs.org/@supabase/phoenix/-/phoenix-0.4.0.tgz. Extracting by manifest.
126 silly tarball no local data for @supabase/postgrest-js@https://registry.npmjs.org/@supabase/postgrest-js/-/postgrest-js-2.103.3.tgz. Extracting by manifest.
127 silly tarball no local data for @supabase/functions-js@https://registry.npmjs.org/@supabase/functions-js/-/functions-js-2.103.3.tgz. Extracting by manifest.
128 silly tarball no local data for @supabase/auth-js@https://registry.npmjs.org/@supabase/auth-js/-/auth-js-2.103.3.tgz. Extracting by manifest.
129 silly tarball no local data for @supabase/realtime-js@https://registry.npmjs.org/@supabase/realtime-js/-/realtime-js-2.103.3.tgz. Extracting by manifest.
130 silly tarball no local data for @supabase/supabase-js@https://registry.npmjs.org/@supabase/supabase-js/-/supabase-js-2.103.3.tgz. Extracting by manifest.
131 http fetch GET 200 https://registry.npmjs.org/tslib/-/tslib-2.8.1.tgz 37ms (cache miss)
132 http fetch GET 200 https://registry.npmjs.org/iceberg-js/-/iceberg-js-0.8.1.tgz 39ms (cache miss)
133 http fetch GET 200 https://registry.npmjs.org/ws/-/ws-8.20.0.tgz 40ms (cache miss)
134 http fetch GET 200 https://registry.npmjs.org/@types/ws/-/ws-8.18.1.tgz 41ms (cache miss)
135 http fetch GET 200 https://registry.npmjs.org/undici-types/-/undici-types-7.19.2.tgz 45ms (cache miss)
136 http fetch GET 200 https://registry.npmjs.org/@supabase/phoenix/-/phoenix-0.4.0.tgz 49ms (cache miss)
137 http fetch GET 200 https://registry.npmjs.org/@supabase/functions-js/-/functions-js-2.103.3.tgz 68ms (cache miss)
138 http fetch GET 200 https://registry.npmjs.org/@types/node/-/node-25.6.0.tgz 73ms (cache miss)
139 http fetch GET 200 https://registry.npmjs.org/@supabase/storage-js/-/storage-js-2.103.3.tgz 106ms (cache miss)
140 http fetch GET 200 https://registry.npmjs.org/@supabase/supabase-js/-/supabase-js-2.103.3.tgz 351ms (cache miss)
141 http fetch GET 200 https://registry.npmjs.org/@supabase/postgrest-js/-/postgrest-js-2.103.3.tgz 357ms (cache miss)
142 http fetch POST 200 https://registry.npmjs.org/-/npm/v1/security/advisories/bulk 374ms
143 silly audit report {}
144 http fetch GET 200 https://registry.npmjs.org/@supabase/auth-js/-/auth-js-2.103.3.tgz 601ms (cache miss)
145 http fetch GET 200 https://registry.npmjs.org/@supabase/realtime-js/-/realtime-js-2.103.3.tgz 841ms (cache miss)
146 silly ADD node_modules/undici-types
147 silly ADD node_modules/@types/node
148 silly ADD node_modules/iceberg-js
149 silly ADD node_modules/ws
150 silly ADD node_modules/@types/ws
151 silly ADD node_modules/@supabase/phoenix
152 silly ADD node_modules/tslib
153 silly ADD node_modules/@supabase/storage-js
154 silly ADD node_modules/@supabase/realtime-js
155 silly ADD node_modules/@supabase/postgrest-js
156 silly ADD node_modules/@supabase/functions-js
157 silly ADD node_modules/@supabase/auth-js
158 silly ADD node_modules/@supabase/supabase-js
159 verbose cwd /Users/sahilansari/My Disk/Project X/server
160 verbose os Darwin 25.2.0
161 verbose node v22.21.0
162 verbose npm  v10.9.4
163 verbose exit 0
164 info ok
