0 verbose cli /usr/local/bin/node /usr/local/bin/npm
1 info using npm@10.9.4
2 info using node@v22.21.0
3 silly config load:file:/usr/local/lib/node_modules/npm/npmrc
4 silly config load:file:/Users/sahilansari/My Disk/Project X/server/.npmrc
5 silly config load:file:/Users/sahilansari/.npmrc
6 silly config load:file:/usr/local/etc/npmrc
7 verbose title npm install express cors body-parser
8 verbose argv "install" "express" "cors" "body-parser"
9 verbose logfile logs-max:10 dir:/Users/sahilansari/My Disk/Project X/server/.npm-cache/_logs/2026-04-17T11_06_42_867Z-
10 verbose logfile /Users/sahilansari/My Disk/Project X/server/.npm-cache/_logs/2026-04-17T11_06_42_867Z-debug-0.log
11 silly logfile done cleaning log files
12 silly packumentCache heap:4345298944 maxSize:1086324736 maxEntrySize:543162368
13 silly idealTree buildDeps
14 silly fetch manifest express@*
15 silly packumentCache full:https://registry.npmjs.org/express cache-miss
16 http fetch GET 200 https://registry.npmjs.org/express 76ms (cache miss)
17 silly packumentCache full:https://registry.npmjs.org/express set size:undefined disposed:false
18 silly fetch manifest cors@*
19 silly packumentCache full:https://registry.npmjs.org/cors cache-miss
20 http fetch GET 200 https://registry.npmjs.org/npm 97ms
21 http fetch GET 200 https://registry.npmjs.org/cors 38ms (cache miss)
22 silly packumentCache full:https://registry.npmjs.org/cors set size:undefined disposed:false
23 silly fetch manifest body-parser@*
24 silly packumentCache full:https://registry.npmjs.org/body-parser cache-miss
25 http fetch GET 200 https://registry.npmjs.org/body-parser 32ms (cache miss)
26 silly packumentCache full:https://registry.npmjs.org/body-parser set size:undefined disposed:false
27 silly placeDep ROOT body-parser@2.2.2 OK for: server@1.0.0 want: *
28 silly placeDep ROOT cors@2.8.6 OK for: server@1.0.0 want: *
29 silly placeDep ROOT express@5.2.1 OK for: server@1.0.0 want: *
30 silly fetch manifest bytes@^3.1.2
31 silly packumentCache full:https://registry.npmjs.org/bytes cache-miss
32 silly fetch manifest content-type@^1.0.5
33 silly packumentCache full:https://registry.npmjs.org/content-type cache-miss
34 silly fetch manifest debug@^4.4.3
35 silly packumentCache full:https://registry.npmjs.org/debug cache-miss
36 silly fetch manifest http-errors@^2.0.0
37 silly packumentCache full:https://registry.npmjs.org/http-errors cache-miss
38 silly fetch manifest iconv-lite@^0.7.0
39 silly packumentCache full:https://registry.npmjs.org/iconv-lite cache-miss
40 silly fetch manifest on-finished@^2.4.1
41 silly packumentCache full:https://registry.npmjs.org/on-finished cache-miss
42 silly fetch manifest qs@^6.14.1
43 silly packumentCache full:https://registry.npmjs.org/qs cache-miss
44 silly fetch manifest raw-body@^3.0.1
45 silly packumentCache full:https://registry.npmjs.org/raw-body cache-miss
46 silly fetch manifest type-is@^2.0.1
47 silly packumentCache full:https://registry.npmjs.org/type-is cache-miss
48 http fetch GET 200 https://registry.npmjs.org/content-type 29ms (cache miss)
49 silly packumentCache full:https://registry.npmjs.org/content-type set size:undefined disposed:false
50 silly fetch manifest object-assign@^4
51 silly packumentCache full:https://registry.npmjs.org/object-assign cache-miss
52 http fetch GET 200 https://registry.npmjs.org/object-assign 25ms (cache miss)
53 silly packumentCache full:https://registry.npmjs.org/object-assign set size:undefined disposed:false
54 silly fetch manifest vary@^1
55 silly packumentCache full:https://registry.npmjs.org/vary cache-miss
56 http fetch GET 200 https://registry.npmjs.org/http-errors 63ms (cache miss)
57 silly packumentCache full:https://registry.npmjs.org/http-errors set size:undefined disposed:false
58 silly fetch manifest qs@^6.14.0
59 silly packumentCache full:https://registry.npmjs.org/qs cache-miss
60 http fetch GET 200 https://registry.npmjs.org/vary 27ms (cache miss)
61 silly packumentCache full:https://registry.npmjs.org/vary set size:undefined disposed:false
62 silly fetch manifest depd@^2.0.0
63 silly packumentCache full:https://registry.npmjs.org/depd cache-miss
64 http fetch GET 200 https://registry.npmjs.org/on-finished 83ms (cache miss)
65 silly packumentCache full:https://registry.npmjs.org/on-finished set size:undefined disposed:false
66 silly fetch manifest etag@^1.8.1
67 silly packumentCache full:https://registry.npmjs.org/etag cache-miss
68 http fetch GET 200 https://registry.npmjs.org/type-is 83ms (cache miss)
69 silly packumentCache full:https://registry.npmjs.org/type-is set size:undefined disposed:false
70 silly fetch manifest once@^1.4.0
71 silly packumentCache full:https://registry.npmjs.org/once cache-miss
72 http fetch GET 200 https://registry.npmjs.org/qs 31ms (cache miss)
73 silly packumentCache full:https://registry.npmjs.org/qs set size:undefined disposed:false
74 silly fetch manifest send@^1.1.0
75 silly packumentCache full:https://registry.npmjs.org/send cache-miss
76 http fetch GET 200 https://registry.npmjs.org/depd 34ms (cache miss)
77 silly packumentCache full:https://registry.npmjs.org/depd set size:undefined disposed:false
78 silly fetch manifest vary@^1.1.2
79 silly packumentCache full:https://registry.npmjs.org/vary cache-miss
80 http cache https://registry.npmjs.org/vary 4ms (cache hit)
81 silly packumentCache full:https://registry.npmjs.org/vary set size:16018 disposed:false
82 silly fetch manifest debug@^4.4.0
83 silly packumentCache full:https://registry.npmjs.org/debug cache-miss
84 http fetch GET 200 https://registry.npmjs.org/etag 39ms (cache miss)
85 silly packumentCache full:https://registry.npmjs.org/etag set size:undefined disposed:false
86 silly fetch manifest fresh@^2.0.0
87 silly packumentCache full:https://registry.npmjs.org/fresh cache-miss
88 http fetch GET 200 https://registry.npmjs.org/once 39ms (cache miss)
89 silly packumentCache full:https://registry.npmjs.org/once set size:undefined disposed:false
90 silly fetch manifest cookie@^0.7.1
91 silly packumentCache full:https://registry.npmjs.org/cookie cache-miss
92 http fetch GET 200 https://registry.npmjs.org/send 27ms (cache miss)
93 silly packumentCache full:https://registry.npmjs.org/send set size:undefined disposed:false
94 silly fetch manifest router@^2.2.0
95 silly packumentCache full:https://registry.npmjs.org/router cache-miss
96 http fetch GET 200 https://registry.npmjs.org/cookie 29ms (cache miss)
97 silly packumentCache full:https://registry.npmjs.org/cookie set size:undefined disposed:false
98 silly fetch manifest accepts@^2.0.0
99 silly packumentCache full:https://registry.npmjs.org/accepts cache-miss
100 http fetch GET 200 https://registry.npmjs.org/fresh 31ms (cache miss)
101 silly packumentCache full:https://registry.npmjs.org/fresh set size:undefined disposed:false
102 silly fetch manifest parseurl@^1.3.3
103 silly packumentCache full:https://registry.npmjs.org/parseurl cache-miss
104 http fetch GET 200 https://registry.npmjs.org/router 39ms (cache miss)
105 silly packumentCache full:https://registry.npmjs.org/router set size:undefined disposed:false
106 silly fetch manifest statuses@^2.0.1
107 silly packumentCache full:https://registry.npmjs.org/statuses cache-miss
108 http fetch GET 200 https://registry.npmjs.org/parseurl 34ms (cache miss)
109 silly packumentCache full:https://registry.npmjs.org/parseurl set size:undefined disposed:false
110 silly fetch manifest encodeurl@^2.0.0
111 silly packumentCache full:https://registry.npmjs.org/encodeurl cache-miss
112 http fetch GET 200 https://registry.npmjs.org/accepts 35ms (cache miss)
113 silly packumentCache full:https://registry.npmjs.org/accepts set size:undefined disposed:false
114 silly fetch manifest mime-types@^3.0.0
115 silly packumentCache full:https://registry.npmjs.org/mime-types cache-miss
116 http fetch GET 200 https://registry.npmjs.org/statuses 31ms (cache miss)
117 silly packumentCache full:https://registry.npmjs.org/statuses set size:undefined disposed:false
118 silly fetch manifest proxy-addr@^2.0.7
119 silly packumentCache full:https://registry.npmjs.org/proxy-addr cache-miss
120 http fetch GET 200 https://registry.npmjs.org/mime-types 25ms (cache miss)
121 silly packumentCache full:https://registry.npmjs.org/mime-types set size:undefined disposed:false
122 silly fetch manifest escape-html@^1.0.3
123 silly packumentCache full:https://registry.npmjs.org/escape-html cache-miss
124 http fetch GET 200 https://registry.npmjs.org/encodeurl 30ms (cache miss)
125 silly packumentCache full:https://registry.npmjs.org/encodeurl set size:undefined disposed:false
126 silly fetch manifest finalhandler@^2.1.0
127 silly packumentCache full:https://registry.npmjs.org/finalhandler cache-miss
128 http fetch GET 200 https://registry.npmjs.org/proxy-addr 29ms (cache miss)
129 silly packumentCache full:https://registry.npmjs.org/proxy-addr set size:undefined disposed:false
130 silly fetch manifest range-parser@^1.2.1
131 silly packumentCache full:https://registry.npmjs.org/range-parser cache-miss
132 http fetch GET 200 https://registry.npmjs.org/escape-html 33ms (cache miss)
133 silly packumentCache full:https://registry.npmjs.org/escape-html set size:undefined disposed:false
134 silly fetch manifest serve-static@^2.2.0
135 silly packumentCache full:https://registry.npmjs.org/serve-static cache-miss
136 http fetch GET 200 https://registry.npmjs.org/finalhandler 33ms (cache miss)
137 silly packumentCache full:https://registry.npmjs.org/finalhandler set size:undefined disposed:false
138 silly fetch manifest cookie-signature@^1.2.1
139 silly packumentCache full:https://registry.npmjs.org/cookie-signature cache-miss
140 http fetch GET 200 https://registry.npmjs.org/range-parser 31ms (cache miss)
141 silly packumentCache full:https://registry.npmjs.org/range-parser set size:undefined disposed:false
142 silly fetch manifest merge-descriptors@^2.0.0
143 silly packumentCache full:https://registry.npmjs.org/merge-descriptors cache-miss
144 http fetch GET 200 https://registry.npmjs.org/serve-static 30ms (cache miss)
145 silly packumentCache full:https://registry.npmjs.org/serve-static set size:undefined disposed:false
146 silly fetch manifest content-disposition@^1.0.0
147 silly packumentCache full:https://registry.npmjs.org/content-disposition cache-miss
148 http fetch GET 200 https://registry.npmjs.org/cookie-signature 46ms (cache miss)
149 silly packumentCache full:https://registry.npmjs.org/cookie-signature set size:undefined disposed:false
150 http fetch GET 200 https://registry.npmjs.org/merge-descriptors 38ms (cache miss)
151 silly packumentCache full:https://registry.npmjs.org/merge-descriptors set size:undefined disposed:false
152 http fetch GET 200 https://registry.npmjs.org/bytes 299ms (cache miss)
153 silly packumentCache full:https://registry.npmjs.org/bytes set size:undefined disposed:false
154 http fetch GET 200 https://registry.npmjs.org/content-disposition 33ms (cache miss)
155 silly packumentCache full:https://registry.npmjs.org/content-disposition set size:undefined disposed:false
156 http fetch GET 200 https://registry.npmjs.org/iconv-lite 337ms (cache miss)
157 silly packumentCache full:https://registry.npmjs.org/iconv-lite set size:undefined disposed:false
158 http fetch GET 200 https://registry.npmjs.org/qs 341ms (cache miss)
159 silly packumentCache full:https://registry.npmjs.org/qs set size:undefined disposed:false
160 http fetch GET 200 https://registry.npmjs.org/debug 323ms (cache miss)
161 silly packumentCache full:https://registry.npmjs.org/debug set size:undefined disposed:false
162 http fetch GET 200 https://registry.npmjs.org/debug 447ms (cache miss)
163 silly packumentCache full:https://registry.npmjs.org/debug set size:undefined disposed:false
164 http fetch GET 200 https://registry.npmjs.org/raw-body 564ms (cache miss)
165 silly packumentCache full:https://registry.npmjs.org/raw-body set size:undefined disposed:false
166 silly placeDep ROOT bytes@3.1.2 OK for: body-parser@2.2.2 want: ^3.1.2
167 silly placeDep ROOT content-type@1.0.5 OK for: body-parser@2.2.2 want: ^1.0.5
168 silly placeDep ROOT debug@4.4.3 OK for: body-parser@2.2.2 want: ^4.4.3
169 silly placeDep ROOT http-errors@2.0.1 OK for: body-parser@2.2.2 want: ^2.0.0
170 silly placeDep ROOT iconv-lite@0.7.2 OK for: body-parser@2.2.2 want: ^0.7.0
171 silly placeDep ROOT on-finished@2.4.1 OK for: body-parser@2.2.2 want: ^2.4.1
172 silly placeDep ROOT qs@6.15.1 OK for: body-parser@2.2.2 want: ^6.14.1
173 silly placeDep ROOT raw-body@3.0.2 OK for: body-parser@2.2.2 want: ^3.0.1
174 silly placeDep ROOT type-is@2.0.1 OK for: body-parser@2.2.2 want: ^2.0.1
175 silly fetch manifest ms@^2.1.3
176 silly packumentCache full:https://registry.npmjs.org/ms cache-miss
177 silly fetch manifest depd@~2.0.0
178 silly packumentCache full:https://registry.npmjs.org/depd cache-miss
179 silly fetch manifest inherits@~2.0.4
180 silly packumentCache full:https://registry.npmjs.org/inherits cache-miss
181 silly fetch manifest setprototypeof@~1.2.0
182 silly packumentCache full:https://registry.npmjs.org/setprototypeof cache-miss
183 silly fetch manifest statuses@~2.0.2
184 silly packumentCache full:https://registry.npmjs.org/statuses cache-miss
185 silly fetch manifest toidentifier@~1.0.1
186 silly packumentCache full:https://registry.npmjs.org/toidentifier cache-miss
187 silly fetch manifest safer-buffer@>= 2.1.2 < 3.0.0
188 silly packumentCache full:https://registry.npmjs.org/safer-buffer cache-miss
189 silly fetch manifest ee-first@1.1.1
190 silly packumentCache full:https://registry.npmjs.org/ee-first cache-miss
191 silly fetch manifest side-channel@^1.1.0
192 silly packumentCache full:https://registry.npmjs.org/side-channel cache-miss
193 http cache https://registry.npmjs.org/depd 2ms (cache hit)
194 silly packumentCache full:https://registry.npmjs.org/depd set size:40182 disposed:false
195 silly fetch manifest unpipe@~1.0.0
196 silly packumentCache full:https://registry.npmjs.org/unpipe cache-miss
197 http cache https://registry.npmjs.org/statuses 3ms (cache hit)
198 silly packumentCache full:https://registry.npmjs.org/statuses set size:37117 disposed:false
199 silly fetch manifest media-typer@^1.1.0
200 silly packumentCache full:https://registry.npmjs.org/media-typer cache-miss
201 http fetch GET 200 https://registry.npmjs.org/setprototypeof 26ms (cache miss)
202 silly packumentCache full:https://registry.npmjs.org/setprototypeof set size:undefined disposed:false
203 http fetch GET 200 https://registry.npmjs.org/side-channel 26ms (cache miss)
204 silly packumentCache full:https://registry.npmjs.org/side-channel set size:undefined disposed:false
205 http fetch GET 200 https://registry.npmjs.org/unpipe 29ms (cache miss)
206 silly packumentCache full:https://registry.npmjs.org/unpipe set size:undefined disposed:false
207 http fetch GET 200 https://registry.npmjs.org/safer-buffer 32ms (cache miss)
208 silly packumentCache full:https://registry.npmjs.org/safer-buffer set size:undefined disposed:false
209 http fetch GET 200 https://registry.npmjs.org/ee-first 32ms (cache miss)
210 silly packumentCache full:https://registry.npmjs.org/ee-first set size:undefined disposed:false
211 http fetch GET 200 https://registry.npmjs.org/media-typer 30ms (cache miss)
212 silly packumentCache full:https://registry.npmjs.org/media-typer set size:undefined disposed:false
213 http fetch GET 200 https://registry.npmjs.org/ms 34ms (cache miss)
214 silly packumentCache full:https://registry.npmjs.org/ms set size:undefined disposed:false
215 http fetch GET 200 https://registry.npmjs.org/toidentifier 36ms (cache miss)
216 silly packumentCache full:https://registry.npmjs.org/toidentifier set size:undefined disposed:false
217 http fetch GET 200 https://registry.npmjs.org/inherits 44ms (cache miss)
218 silly packumentCache full:https://registry.npmjs.org/inherits set size:undefined disposed:false
219 silly placeDep ROOT object-assign@4.1.1 OK for: cors@2.8.6 want: ^4
220 silly placeDep ROOT vary@1.1.2 OK for: cors@2.8.6 want: ^1
221 silly placeDep ROOT ms@2.1.3 OK for: debug@4.4.3 want: ^2.1.3
222 silly placeDep ROOT accepts@2.0.0 OK for: express@5.2.1 want: ^2.0.0
223 silly placeDep ROOT content-disposition@1.1.0 OK for: express@5.2.1 want: ^1.0.0
224 silly placeDep ROOT cookie@0.7.2 OK for: express@5.2.1 want: ^0.7.1
225 silly placeDep ROOT cookie-signature@1.2.2 OK for: express@5.2.1 want: ^1.2.1
226 silly placeDep ROOT depd@2.0.0 OK for: express@5.2.1 want: ^2.0.0
227 silly placeDep ROOT encodeurl@2.0.0 OK for: express@5.2.1 want: ^2.0.0
228 silly placeDep ROOT escape-html@1.0.3 OK for: express@5.2.1 want: ^1.0.3
229 silly placeDep ROOT etag@1.8.1 OK for: express@5.2.1 want: ^1.8.1
230 silly placeDep ROOT finalhandler@2.1.1 OK for: express@5.2.1 want: ^2.1.0
231 silly placeDep ROOT fresh@2.0.0 OK for: express@5.2.1 want: ^2.0.0
232 silly placeDep ROOT merge-descriptors@2.0.0 OK for: express@5.2.1 want: ^2.0.0
233 silly placeDep ROOT mime-types@3.0.2 OK for: express@5.2.1 want: ^3.0.0
234 silly placeDep ROOT once@1.4.0 OK for: express@5.2.1 want: ^1.4.0
235 silly placeDep ROOT parseurl@1.3.3 OK for: express@5.2.1 want: ^1.3.3
236 silly placeDep ROOT proxy-addr@2.0.7 OK for: express@5.2.1 want: ^2.0.7
237 silly placeDep ROOT range-parser@1.2.1 OK for: express@5.2.1 want: ^1.2.1
238 silly placeDep ROOT router@2.2.0 OK for: express@5.2.1 want: ^2.2.0
239 silly placeDep ROOT send@1.2.1 OK for: express@5.2.1 want: ^1.1.0
240 silly placeDep ROOT serve-static@2.2.1 OK for: express@5.2.1 want: ^2.2.0
241 silly placeDep ROOT statuses@2.0.2 OK for: express@5.2.1 want: ^2.0.1
242 silly fetch manifest negotiator@^1.0.0
243 silly packumentCache full:https://registry.npmjs.org/negotiator cache-miss
244 silly fetch manifest mime-db@^1.54.0
245 silly packumentCache full:https://registry.npmjs.org/mime-db cache-miss
246 silly fetch manifest wrappy@1
247 silly packumentCache full:https://registry.npmjs.org/wrappy cache-miss
248 silly fetch manifest forwarded@0.2.0
249 silly packumentCache full:https://registry.npmjs.org/forwarded cache-miss
250 silly fetch manifest ipaddr.js@1.9.1
251 silly packumentCache full:https://registry.npmjs.org/ipaddr.js cache-miss
252 silly fetch manifest is-promise@^4.0.0
253 silly packumentCache full:https://registry.npmjs.org/is-promise cache-miss
254 silly fetch manifest path-to-regexp@^8.0.0
255 silly packumentCache full:https://registry.npmjs.org/path-to-regexp cache-miss
256 silly fetch manifest statuses@^2.0.2
257 silly packumentCache full:https://registry.npmjs.org/statuses cache-hit
258 http fetch GET 200 https://registry.npmjs.org/wrappy 26ms (cache miss)
259 silly packumentCache full:https://registry.npmjs.org/wrappy set size:undefined disposed:false
260 http fetch GET 200 https://registry.npmjs.org/is-promise 25ms (cache miss)
261 silly packumentCache full:https://registry.npmjs.org/is-promise set size:undefined disposed:false
262 http fetch GET 200 https://registry.npmjs.org/mime-db 26ms (cache miss)
263 silly packumentCache full:https://registry.npmjs.org/mime-db set size:undefined disposed:false
264 http fetch GET 200 https://registry.npmjs.org/forwarded 36ms (cache miss)
265 silly packumentCache full:https://registry.npmjs.org/forwarded set size:undefined disposed:false
266 http fetch GET 200 https://registry.npmjs.org/negotiator 36ms (cache miss)
267 silly packumentCache full:https://registry.npmjs.org/negotiator set size:undefined disposed:false
268 http fetch GET 200 https://registry.npmjs.org/ipaddr.js 35ms (cache miss)
269 silly packumentCache full:https://registry.npmjs.org/ipaddr.js set size:undefined disposed:false
270 http fetch GET 200 https://registry.npmjs.org/path-to-regexp 37ms (cache miss)
271 silly packumentCache full:https://registry.npmjs.org/path-to-regexp set size:undefined disposed:false
272 silly placeDep ROOT negotiator@1.0.0 OK for: accepts@2.0.0 want: ^1.0.0
273 silly placeDep ROOT inherits@2.0.4 OK for: http-errors@2.0.1 want: ~2.0.4
274 silly placeDep ROOT setprototypeof@1.2.0 OK for: http-errors@2.0.1 want: ~1.2.0
275 silly placeDep ROOT toidentifier@1.0.1 OK for: http-errors@2.0.1 want: ~1.0.1
276 silly placeDep ROOT safer-buffer@2.1.2 OK for: iconv-lite@0.7.2 want: >= 2.1.2 < 3.0.0
277 silly placeDep ROOT mime-db@1.54.0 OK for: mime-types@3.0.2 want: ^1.54.0
278 silly placeDep ROOT ee-first@1.1.1 OK for: on-finished@2.4.1 want: 1.1.1
279 silly placeDep ROOT wrappy@1.0.2 OK for: once@1.4.0 want: 1
280 silly placeDep ROOT forwarded@0.2.0 OK for: proxy-addr@2.0.7 want: 0.2.0
281 silly placeDep ROOT ipaddr.js@1.9.1 OK for: proxy-addr@2.0.7 want: 1.9.1
282 silly placeDep ROOT side-channel@1.1.0 OK for: qs@6.15.1 want: ^1.1.0
283 silly fetch manifest es-errors@^1.3.0
284 silly packumentCache full:https://registry.npmjs.org/es-errors cache-miss
285 silly fetch manifest object-inspect@^1.13.3
286 silly packumentCache full:https://registry.npmjs.org/object-inspect cache-miss
287 silly fetch manifest side-channel-list@^1.0.0
288 silly packumentCache full:https://registry.npmjs.org/side-channel-list cache-miss
289 silly fetch manifest side-channel-map@^1.0.1
290 silly packumentCache full:https://registry.npmjs.org/side-channel-map cache-miss
291 silly fetch manifest side-channel-weakmap@^1.0.2
292 silly packumentCache full:https://registry.npmjs.org/side-channel-weakmap cache-miss
293 http fetch GET 200 https://registry.npmjs.org/side-channel-list 35ms (cache miss)
294 silly packumentCache full:https://registry.npmjs.org/side-channel-list set size:undefined disposed:false
295 http fetch GET 200 https://registry.npmjs.org/side-channel-map 35ms (cache miss)
296 silly packumentCache full:https://registry.npmjs.org/side-channel-map set size:undefined disposed:false
297 http fetch GET 200 https://registry.npmjs.org/es-errors 36ms (cache miss)
298 silly packumentCache full:https://registry.npmjs.org/es-errors set size:undefined disposed:false
299 http fetch GET 200 https://registry.npmjs.org/object-inspect 36ms (cache miss)
300 silly packumentCache full:https://registry.npmjs.org/object-inspect set size:undefined disposed:false
301 http fetch GET 200 https://registry.npmjs.org/side-channel-weakmap 37ms (cache miss)
302 silly packumentCache full:https://registry.npmjs.org/side-channel-weakmap set size:undefined disposed:false
303 silly placeDep ROOT unpipe@1.0.0 OK for: raw-body@3.0.2 want: ~1.0.0
304 silly placeDep ROOT is-promise@4.0.0 OK for: router@2.2.0 want: ^4.0.0
305 silly placeDep ROOT path-to-regexp@8.4.2 OK for: router@2.2.0 want: ^8.0.0
306 silly placeDep ROOT es-errors@1.3.0 OK for: side-channel@1.1.0 want: ^1.3.0
307 silly placeDep ROOT object-inspect@1.13.4 OK for: side-channel@1.1.0 want: ^1.13.3
308 silly placeDep ROOT side-channel-list@1.0.1 OK for: side-channel@1.1.0 want: ^1.0.0
309 silly placeDep ROOT side-channel-map@1.0.1 OK for: side-channel@1.1.0 want: ^1.0.1
310 silly placeDep ROOT side-channel-weakmap@1.0.2 OK for: side-channel@1.1.0 want: ^1.0.2
311 silly fetch manifest call-bound@^1.0.2
312 silly packumentCache full:https://registry.npmjs.org/call-bound cache-miss
313 silly fetch manifest get-intrinsic@^1.2.5
314 silly packumentCache full:https://registry.npmjs.org/get-intrinsic cache-miss
315 silly fetch manifest call-bound@^1.0.2
316 silly packumentCache full:https://registry.npmjs.org/call-bound cache-miss
317 silly fetch manifest get-intrinsic@^1.2.5
318 silly packumentCache full:https://registry.npmjs.org/get-intrinsic cache-miss
319 http fetch GET 200 https://registry.npmjs.org/call-bound 23ms (cache miss)
320 silly packumentCache full:https://registry.npmjs.org/call-bound set size:undefined disposed:false
321 http fetch GET 200 https://registry.npmjs.org/call-bound 30ms (cache miss)
322 silly packumentCache full:https://registry.npmjs.org/call-bound set size:undefined disposed:false
323 http fetch GET 200 https://registry.npmjs.org/get-intrinsic 30ms (cache miss)
324 silly packumentCache full:https://registry.npmjs.org/get-intrinsic set size:undefined disposed:false
325 http fetch GET 200 https://registry.npmjs.org/get-intrinsic 31ms (cache miss)
326 silly packumentCache full:https://registry.npmjs.org/get-intrinsic set size:undefined disposed:false
327 silly placeDep ROOT call-bound@1.0.4 OK for: side-channel-map@1.0.1 want: ^1.0.2
328 silly placeDep ROOT get-intrinsic@1.3.0 OK for: side-channel-map@1.0.1 want: ^1.2.5
329 silly fetch manifest call-bind-apply-helpers@^1.0.2
330 silly packumentCache full:https://registry.npmjs.org/call-bind-apply-helpers cache-miss
331 silly fetch manifest get-intrinsic@^1.3.0
332 silly packumentCache full:https://registry.npmjs.org/get-intrinsic cache-miss
333 silly fetch manifest gopd@^1.2.0
334 silly packumentCache full:https://registry.npmjs.org/gopd cache-miss
335 silly fetch manifest hasown@^2.0.2
336 silly packumentCache full:https://registry.npmjs.org/hasown cache-miss
337 silly fetch manifest get-proto@^1.0.1
338 silly packumentCache full:https://registry.npmjs.org/get-proto cache-miss
339 silly fetch manifest has-symbols@^1.1.0
340 silly packumentCache full:https://registry.npmjs.org/has-symbols cache-miss
341 silly fetch manifest function-bind@^1.1.2
342 silly packumentCache full:https://registry.npmjs.org/function-bind cache-miss
343 silly fetch manifest es-object-atoms@^1.1.1
344 silly packumentCache full:https://registry.npmjs.org/es-object-atoms cache-miss
345 silly fetch manifest math-intrinsics@^1.1.0
346 silly packumentCache full:https://registry.npmjs.org/math-intrinsics cache-miss
347 http cache https://registry.npmjs.org/get-intrinsic 3ms (cache hit)
348 silly packumentCache full:https://registry.npmjs.org/get-intrinsic set size:60985 disposed:false
349 silly fetch manifest es-define-property@^1.0.1
350 silly packumentCache full:https://registry.npmjs.org/es-define-property cache-miss
351 http fetch GET 200 https://registry.npmjs.org/gopd 27ms (cache miss)
352 silly packumentCache full:https://registry.npmjs.org/gopd set size:undefined disposed:false
353 silly fetch manifest call-bind-apply-helpers@^1.0.2
354 silly packumentCache full:https://registry.npmjs.org/call-bind-apply-helpers cache-miss
355 http fetch GET 200 https://registry.npmjs.org/hasown 27ms (cache miss)
356 silly packumentCache full:https://registry.npmjs.org/hasown set size:undefined disposed:false
357 http fetch GET 200 https://registry.npmjs.org/function-bind 27ms (cache miss)
358 silly packumentCache full:https://registry.npmjs.org/function-bind set size:undefined disposed:false
359 http fetch GET 200 https://registry.npmjs.org/es-object-atoms 31ms (cache miss)
360 silly packumentCache full:https://registry.npmjs.org/es-object-atoms set size:undefined disposed:false
361 http fetch GET 200 https://registry.npmjs.org/call-bind-apply-helpers 32ms (cache miss)
362 silly packumentCache full:https://registry.npmjs.org/call-bind-apply-helpers set size:undefined disposed:false
363 http fetch GET 200 https://registry.npmjs.org/get-proto 32ms (cache miss)
364 silly packumentCache full:https://registry.npmjs.org/get-proto set size:undefined disposed:false
365 http fetch GET 200 https://registry.npmjs.org/has-symbols 32ms (cache miss)
366 silly packumentCache full:https://registry.npmjs.org/has-symbols set size:undefined disposed:false
367 http fetch GET 200 https://registry.npmjs.org/math-intrinsics 34ms (cache miss)
368 silly packumentCache full:https://registry.npmjs.org/math-intrinsics set size:undefined disposed:false
369 http fetch GET 200 https://registry.npmjs.org/es-define-property 36ms (cache miss)
370 silly packumentCache full:https://registry.npmjs.org/es-define-property set size:undefined disposed:false
371 http fetch GET 200 https://registry.npmjs.org/call-bind-apply-helpers 33ms (cache miss)
372 silly packumentCache full:https://registry.npmjs.org/call-bind-apply-helpers set size:undefined disposed:false
373 silly placeDep ROOT call-bind-apply-helpers@1.0.2 OK for: call-bound@1.0.4 want: ^1.0.2
374 silly placeDep ROOT function-bind@1.1.2 OK for: call-bind-apply-helpers@1.0.2 want: ^1.1.2
375 silly placeDep ROOT es-define-property@1.0.1 OK for: get-intrinsic@1.3.0 want: ^1.0.1
376 silly placeDep ROOT es-object-atoms@1.1.1 OK for: get-intrinsic@1.3.0 want: ^1.1.1
377 silly placeDep ROOT get-proto@1.0.1 OK for: get-intrinsic@1.3.0 want: ^1.0.1
378 silly placeDep ROOT gopd@1.2.0 OK for: get-intrinsic@1.3.0 want: ^1.2.0
379 silly placeDep ROOT has-symbols@1.1.0 OK for: get-intrinsic@1.3.0 want: ^1.1.0
380 silly placeDep ROOT hasown@2.0.2 OK for: get-intrinsic@1.3.0 want: ^2.0.2
381 silly placeDep ROOT math-intrinsics@1.1.0 OK for: get-intrinsic@1.3.0 want: ^1.1.0
382 silly fetch manifest dunder-proto@^1.0.1
383 silly packumentCache full:https://registry.npmjs.org/dunder-proto cache-miss
384 http fetch GET 200 https://registry.npmjs.org/dunder-proto 34ms (cache miss)
385 silly packumentCache full:https://registry.npmjs.org/dunder-proto set size:undefined disposed:false
386 silly placeDep ROOT dunder-proto@1.0.1 OK for: get-proto@1.0.1 want: ^1.0.1
387 silly placeDep ROOT media-typer@1.1.0 OK for: type-is@2.0.1 want: ^1.1.0
388 silly reify moves {}
389 silly audit bulk request {
389 silly audit   'body-parser': [ '2.2.2' ],
389 silly audit   cors: [ '2.8.6' ],
389 silly audit   express: [ '5.2.1' ],
389 silly audit   bytes: [ '3.1.2' ],
389 silly audit   'content-type': [ '1.0.5' ],
389 silly audit   debug: [ '4.4.3' ],
389 silly audit   'http-errors': [ '2.0.1' ],
389 silly audit   'iconv-lite': [ '0.7.2' ],
389 silly audit   'on-finished': [ '2.4.1' ],
389 silly audit   qs: [ '6.15.1' ],
389 silly audit   'raw-body': [ '3.0.2' ],
389 silly audit   'type-is': [ '2.0.1' ],
389 silly audit   'object-assign': [ '4.1.1' ],
389 silly audit   vary: [ '1.1.2' ],
389 silly audit   ms: [ '2.1.3' ],
389 silly audit   accepts: [ '2.0.0' ],
389 silly audit   'content-disposition': [ '1.1.0' ],
389 silly audit   cookie: [ '0.7.2' ],
389 silly audit   'cookie-signature': [ '1.2.2' ],
389 silly audit   depd: [ '2.0.0' ],
389 silly audit   encodeurl: [ '2.0.0' ],
389 silly audit   'escape-html': [ '1.0.3' ],
389 silly audit   etag: [ '1.8.1' ],
389 silly audit   finalhandler: [ '2.1.1' ],
389 silly audit   fresh: [ '2.0.0' ],
389 silly audit   'merge-descriptors': [ '2.0.0' ],
389 silly audit   'mime-types': [ '3.0.2' ],
389 silly audit   once: [ '1.4.0' ],
389 silly audit   parseurl: [ '1.3.3' ],
389 silly audit   'proxy-addr': [ '2.0.7' ],
389 silly audit   'range-parser': [ '1.2.1' ],
389 silly audit   router: [ '2.2.0' ],
389 silly audit   send: [ '1.2.1' ],
389 silly audit   'serve-static': [ '2.2.1' ],
389 silly audit   statuses: [ '2.0.2' ],
389 silly audit   negotiator: [ '1.0.0' ],
389 silly audit   inherits: [ '2.0.4' ],
389 silly audit   setprototypeof: [ '1.2.0' ],
389 silly audit   toidentifier: [ '1.0.1' ],
389 silly audit   'safer-buffer': [ '2.1.2' ],
389 silly audit   'mime-db': [ '1.54.0' ],
389 silly audit   'ee-first': [ '1.1.1' ],
389 silly audit   wrappy: [ '1.0.2' ],
389 silly audit   forwarded: [ '0.2.0' ],
389 silly audit   'ipaddr.js': [ '1.9.1' ],
389 silly audit   'side-channel': [ '1.1.0' ],
389 silly audit   unpipe: [ '1.0.0' ],
389 silly audit   'is-promise': [ '4.0.0' ],
389 silly audit   'path-to-regexp': [ '8.4.2' ],
389 silly audit   'es-errors': [ '1.3.0' ],
389 silly audit   'object-inspect': [ '1.13.4' ],
389 silly audit   'side-channel-list': [ '1.0.1' ],
389 silly audit   'side-channel-map': [ '1.0.1' ],
389 silly audit   'side-channel-weakmap': [ '1.0.2' ],
389 silly audit   'call-bound': [ '1.0.4' ],
389 silly audit   'get-intrinsic': [ '1.3.0' ],
389 silly audit   'call-bind-apply-helpers': [ '1.0.2' ],
389 silly audit   'function-bind': [ '1.1.2' ],
389 silly audit   'es-define-property': [ '1.0.1' ],
389 silly audit   'es-object-atoms': [ '1.1.1' ],
389 silly audit   'get-proto': [ '1.0.1' ],
389 silly audit   gopd: [ '1.2.0' ],
389 silly audit   'has-symbols': [ '1.1.0' ],
389 silly audit   hasown: [ '2.0.2' ],
389 silly audit   'math-intrinsics': [ '1.1.0' ],
389 silly audit   'dunder-proto': [ '1.0.1' ],
389 silly audit   'media-typer': [ '1.1.0' ]
389 silly audit }
390 http cache dunder-proto@https://registry.npmjs.org/dunder-proto/-/dunder-proto-1.0.1.tgz 0ms (cache hit)
391 http cache media-typer@https://registry.npmjs.org/media-typer/-/media-typer-1.1.0.tgz 0ms (cache hit)
392 http cache math-intrinsics@https://registry.npmjs.org/math-intrinsics/-/math-intrinsics-1.1.0.tgz 0ms (cache hit)
393 http cache hasown@https://registry.npmjs.org/hasown/-/hasown-2.0.2.tgz 0ms (cache hit)
394 http cache has-symbols@https://registry.npmjs.org/has-symbols/-/has-symbols-1.1.0.tgz 0ms (cache hit)
395 http cache gopd@https://registry.npmjs.org/gopd/-/gopd-1.2.0.tgz 0ms (cache hit)
396 http cache es-define-property@https://registry.npmjs.org/es-define-property/-/es-define-property-1.0.1.tgz 0ms (cache hit)
397 http cache es-object-atoms@https://registry.npmjs.org/es-object-atoms/-/es-object-atoms-1.1.1.tgz 0ms (cache hit)
398 http cache get-proto@https://registry.npmjs.org/get-proto/-/get-proto-1.0.1.tgz 0ms (cache hit)
399 http cache function-bind@https://registry.npmjs.org/function-bind/-/function-bind-1.1.2.tgz 0ms (cache hit)
400 http cache get-intrinsic@https://registry.npmjs.org/get-intrinsic/-/get-intrinsic-1.3.0.tgz 0ms (cache hit)
401 http cache call-bind-apply-helpers@https://registry.npmjs.org/call-bind-apply-helpers/-/call-bind-apply-helpers-1.0.2.tgz 0ms (cache hit)
402 http cache call-bound@https://registry.npmjs.org/call-bound/-/call-bound-1.0.4.tgz 0ms (cache hit)
403 http cache side-channel-weakmap@https://registry.npmjs.org/side-channel-weakmap/-/side-channel-weakmap-1.0.2.tgz 0ms (cache hit)
404 http cache side-channel-map@https://registry.npmjs.org/side-channel-map/-/side-channel-map-1.0.1.tgz 0ms (cache hit)
405 http cache side-channel-list@https://registry.npmjs.org/side-channel-list/-/side-channel-list-1.0.1.tgz 0ms (cache hit)
406 http cache object-inspect@https://registry.npmjs.org/object-inspect/-/object-inspect-1.13.4.tgz 0ms (cache hit)
407 http cache path-to-regexp@https://registry.npmjs.org/path-to-regexp/-/path-to-regexp-8.4.2.tgz 0ms (cache hit)
408 http cache unpipe@https://registry.npmjs.org/unpipe/-/unpipe-1.0.0.tgz 0ms (cache hit)
409 http cache side-channel@https://registry.npmjs.org/side-channel/-/side-channel-1.1.0.tgz 0ms (cache hit)
410 http cache es-errors@https://registry.npmjs.org/es-errors/-/es-errors-1.3.0.tgz 0ms (cache hit)
411 http cache ipaddr.js@https://registry.npmjs.org/ipaddr.js/-/ipaddr.js-1.9.1.tgz 0ms (cache hit)
412 http cache forwarded@https://registry.npmjs.org/forwarded/-/forwarded-0.2.0.tgz 0ms (cache hit)
413 http cache wrappy@https://registry.npmjs.org/wrappy/-/wrappy-1.0.2.tgz 0ms (cache hit)
414 http cache ee-first@https://registry.npmjs.org/ee-first/-/ee-first-1.1.1.tgz 0ms (cache hit)
415 http cache mime-db@https://registry.npmjs.org/mime-db/-/mime-db-1.54.0.tgz 0ms (cache hit)
416 http cache safer-buffer@https://registry.npmjs.org/safer-buffer/-/safer-buffer-2.1.2.tgz 0ms (cache hit)
417 http cache setprototypeof@https://registry.npmjs.org/setprototypeof/-/setprototypeof-1.2.0.tgz 0ms (cache hit)
418 http cache toidentifier@https://registry.npmjs.org/toidentifier/-/toidentifier-1.0.1.tgz 0ms (cache hit)
419 http cache inherits@https://registry.npmjs.org/inherits/-/inherits-2.0.4.tgz 0ms (cache hit)
420 http cache negotiator@https://registry.npmjs.org/negotiator/-/negotiator-1.0.0.tgz 0ms (cache hit)
421 http cache statuses@https://registry.npmjs.org/statuses/-/statuses-2.0.2.tgz 0ms (cache hit)
422 http cache serve-static@https://registry.npmjs.org/serve-static/-/serve-static-2.2.1.tgz 0ms (cache hit)
423 http cache send@https://registry.npmjs.org/send/-/send-1.2.1.tgz 0ms (cache hit)
424 http cache router@https://registry.npmjs.org/router/-/router-2.2.0.tgz 0ms (cache hit)
425 http cache range-parser@https://registry.npmjs.org/range-parser/-/range-parser-1.2.1.tgz 0ms (cache hit)
426 http cache proxy-addr@https://registry.npmjs.org/proxy-addr/-/proxy-addr-2.0.7.tgz 0ms (cache hit)
427 http cache parseurl@https://registry.npmjs.org/parseurl/-/parseurl-1.3.3.tgz 0ms (cache hit)
428 http cache once@https://registry.npmjs.org/once/-/once-1.4.0.tgz 0ms (cache hit)
429 http cache mime-types@https://registry.npmjs.org/mime-types/-/mime-types-3.0.2.tgz 0ms (cache hit)
430 http cache merge-descriptors@https://registry.npmjs.org/merge-descriptors/-/merge-descriptors-2.0.0.tgz 0ms (cache hit)
431 http cache fresh@https://registry.npmjs.org/fresh/-/fresh-2.0.0.tgz 0ms (cache hit)
432 http cache is-promise@https://registry.npmjs.org/is-promise/-/is-promise-4.0.0.tgz 0ms (cache hit)
433 http cache finalhandler@https://registry.npmjs.org/finalhandler/-/finalhandler-2.1.1.tgz 0ms (cache hit)
434 http cache etag@https://registry.npmjs.org/etag/-/etag-1.8.1.tgz 0ms (cache hit)
435 http cache escape-html@https://registry.npmjs.org/escape-html/-/escape-html-1.0.3.tgz 0ms (cache hit)
436 http cache cookie-signature@https://registry.npmjs.org/cookie-signature/-/cookie-signature-1.2.2.tgz 0ms (cache hit)
437 http cache cookie@https://registry.npmjs.org/cookie/-/cookie-0.7.2.tgz 0ms (cache hit)
438 http cache depd@https://registry.npmjs.org/depd/-/depd-2.0.0.tgz 0ms (cache hit)
439 http cache content-disposition@https://registry.npmjs.org/content-disposition/-/content-disposition-1.1.0.tgz 0ms (cache hit)
440 http cache accepts@https://registry.npmjs.org/accepts/-/accepts-2.0.0.tgz 0ms (cache hit)
441 http cache ms@https://registry.npmjs.org/ms/-/ms-2.1.3.tgz 0ms (cache hit)
442 http cache vary@https://registry.npmjs.org/vary/-/vary-1.1.2.tgz 0ms (cache hit)
443 http cache object-assign@https://registry.npmjs.org/object-assign/-/object-assign-4.1.1.tgz 0ms (cache hit)
444 http cache encodeurl@https://registry.npmjs.org/encodeurl/-/encodeurl-2.0.0.tgz 0ms (cache hit)
445 http cache type-is@https://registry.npmjs.org/type-is/-/type-is-2.0.1.tgz 0ms (cache hit)
446 http cache raw-body@https://registry.npmjs.org/raw-body/-/raw-body-3.0.2.tgz 0ms (cache hit)
447 http cache qs@https://registry.npmjs.org/qs/-/qs-6.15.1.tgz 0ms (cache hit)
448 http cache http-errors@https://registry.npmjs.org/http-errors/-/http-errors-2.0.1.tgz 0ms (cache hit)
449 http cache debug@https://registry.npmjs.org/debug/-/debug-4.4.3.tgz 0ms (cache hit)
450 http cache iconv-lite@https://registry.npmjs.org/iconv-lite/-/iconv-lite-0.7.2.tgz 0ms (cache hit)
451 http cache content-type@https://registry.npmjs.org/content-type/-/content-type-1.0.5.tgz 0ms (cache hit)
452 http cache bytes@https://registry.npmjs.org/bytes/-/bytes-3.1.2.tgz 0ms (cache hit)
453 http cache express@https://registry.npmjs.org/express/-/express-5.2.1.tgz 0ms (cache hit)
454 http cache on-finished@https://registry.npmjs.org/on-finished/-/on-finished-2.4.1.tgz 0ms (cache hit)
455 http cache cors@https://registry.npmjs.org/cors/-/cors-2.8.6.tgz 0ms (cache hit)
456 http cache body-parser@https://registry.npmjs.org/body-parser/-/body-parser-2.2.2.tgz 0ms (cache hit)
457 silly tarball no local data for dunder-proto@https://registry.npmjs.org/dunder-proto/-/dunder-proto-1.0.1.tgz. Extracting by manifest.
458 silly tarball no local data for media-typer@https://registry.npmjs.org/media-typer/-/media-typer-1.1.0.tgz. Extracting by manifest.
459 silly tarball no local data for math-intrinsics@https://registry.npmjs.org/math-intrinsics/-/math-intrinsics-1.1.0.tgz. Extracting by manifest.
460 silly tarball no local data for hasown@https://registry.npmjs.org/hasown/-/hasown-2.0.2.tgz. Extracting by manifest.
461 silly tarball no local data for has-symbols@https://registry.npmjs.org/has-symbols/-/has-symbols-1.1.0.tgz. Extracting by manifest.
462 silly tarball no local data for gopd@https://registry.npmjs.org/gopd/-/gopd-1.2.0.tgz. Extracting by manifest.
463 silly tarball no local data for es-define-property@https://registry.npmjs.org/es-define-property/-/es-define-property-1.0.1.tgz. Extracting by manifest.
464 silly tarball no local data for es-object-atoms@https://registry.npmjs.org/es-object-atoms/-/es-object-atoms-1.1.1.tgz. Extracting by manifest.
465 silly tarball no local data for get-proto@https://registry.npmjs.org/get-proto/-/get-proto-1.0.1.tgz. Extracting by manifest.
466 silly tarball no local data for function-bind@https://registry.npmjs.org/function-bind/-/function-bind-1.1.2.tgz. Extracting by manifest.
467 silly tarball no local data for get-intrinsic@https://registry.npmjs.org/get-intrinsic/-/get-intrinsic-1.3.0.tgz. Extracting by manifest.
468 silly tarball no local data for call-bind-apply-helpers@https://registry.npmjs.org/call-bind-apply-helpers/-/call-bind-apply-helpers-1.0.2.tgz. Extracting by manifest.
469 silly tarball no local data for call-bound@https://registry.npmjs.org/call-bound/-/call-bound-1.0.4.tgz. Extracting by manifest.
470 silly tarball no local data for side-channel-weakmap@https://registry.npmjs.org/side-channel-weakmap/-/side-channel-weakmap-1.0.2.tgz. Extracting by manifest.
471 silly tarball no local data for side-channel-map@https://registry.npmjs.org/side-channel-map/-/side-channel-map-1.0.1.tgz. Extracting by manifest.
472 silly tarball no local data for side-channel-list@https://registry.npmjs.org/side-channel-list/-/side-channel-list-1.0.1.tgz. Extracting by manifest.
473 silly tarball no local data for object-inspect@https://registry.npmjs.org/object-inspect/-/object-inspect-1.13.4.tgz. Extracting by manifest.
474 silly tarball no local data for path-to-regexp@https://registry.npmjs.org/path-to-regexp/-/path-to-regexp-8.4.2.tgz. Extracting by manifest.
475 silly tarball no local data for unpipe@https://registry.npmjs.org/unpipe/-/unpipe-1.0.0.tgz. Extracting by manifest.
476 silly tarball no local data for side-channel@https://registry.npmjs.org/side-channel/-/side-channel-1.1.0.tgz. Extracting by manifest.
477 silly tarball no local data for es-errors@https://registry.npmjs.org/es-errors/-/es-errors-1.3.0.tgz. Extracting by manifest.
478 silly tarball no local data for ipaddr.js@https://registry.npmjs.org/ipaddr.js/-/ipaddr.js-1.9.1.tgz. Extracting by manifest.
479 silly tarball no local data for forwarded@https://registry.npmjs.org/forwarded/-/forwarded-0.2.0.tgz. Extracting by manifest.
480 silly tarball no local data for wrappy@https://registry.npmjs.org/wrappy/-/wrappy-1.0.2.tgz. Extracting by manifest.
481 silly tarball no local data for ee-first@https://registry.npmjs.org/ee-first/-/ee-first-1.1.1.tgz. Extracting by manifest.
482 silly tarball no local data for mime-db@https://registry.npmjs.org/mime-db/-/mime-db-1.54.0.tgz. Extracting by manifest.
483 silly tarball no local data for safer-buffer@https://registry.npmjs.org/safer-buffer/-/safer-buffer-2.1.2.tgz. Extracting by manifest.
484 silly tarball no local data for setprototypeof@https://registry.npmjs.org/setprototypeof/-/setprototypeof-1.2.0.tgz. Extracting by manifest.
485 silly tarball no local data for toidentifier@https://registry.npmjs.org/toidentifier/-/toidentifier-1.0.1.tgz. Extracting by manifest.
486 silly tarball no local data for inherits@https://registry.npmjs.org/inherits/-/inherits-2.0.4.tgz. Extracting by manifest.
487 silly tarball no local data for negotiator@https://registry.npmjs.org/negotiator/-/negotiator-1.0.0.tgz. Extracting by manifest.
488 silly tarball no local data for statuses@https://registry.npmjs.org/statuses/-/statuses-2.0.2.tgz. Extracting by manifest.
489 silly tarball no local data for serve-static@https://registry.npmjs.org/serve-static/-/serve-static-2.2.1.tgz. Extracting by manifest.
490 silly tarball no local data for send@https://registry.npmjs.org/send/-/send-1.2.1.tgz. Extracting by manifest.
491 silly tarball no local data for router@https://registry.npmjs.org/router/-/router-2.2.0.tgz. Extracting by manifest.
492 silly tarball no local data for range-parser@https://registry.npmjs.org/range-parser/-/range-parser-1.2.1.tgz. Extracting by manifest.
493 silly tarball no local data for proxy-addr@https://registry.npmjs.org/proxy-addr/-/proxy-addr-2.0.7.tgz. Extracting by manifest.
494 silly tarball no local data for parseurl@https://registry.npmjs.org/parseurl/-/parseurl-1.3.3.tgz. Extracting by manifest.
495 silly tarball no local data for once@https://registry.npmjs.org/once/-/once-1.4.0.tgz. Extracting by manifest.
496 silly tarball no local data for mime-types@https://registry.npmjs.org/mime-types/-/mime-types-3.0.2.tgz. Extracting by manifest.
497 silly tarball no local data for merge-descriptors@https://registry.npmjs.org/merge-descriptors/-/merge-descriptors-2.0.0.tgz. Extracting by manifest.
498 silly tarball no local data for fresh@https://registry.npmjs.org/fresh/-/fresh-2.0.0.tgz. Extracting by manifest.
499 silly tarball no local data for is-promise@https://registry.npmjs.org/is-promise/-/is-promise-4.0.0.tgz. Extracting by manifest.
500 silly tarball no local data for finalhandler@https://registry.npmjs.org/finalhandler/-/finalhandler-2.1.1.tgz. Extracting by manifest.
501 silly tarball no local data for etag@https://registry.npmjs.org/etag/-/etag-1.8.1.tgz. Extracting by manifest.
502 silly tarball no local data for escape-html@https://registry.npmjs.org/escape-html/-/escape-html-1.0.3.tgz. Extracting by manifest.
503 silly tarball no local data for cookie-signature@https://registry.npmjs.org/cookie-signature/-/cookie-signature-1.2.2.tgz. Extracting by manifest.
504 silly tarball no local data for cookie@https://registry.npmjs.org/cookie/-/cookie-0.7.2.tgz. Extracting by manifest.
505 silly tarball no local data for depd@https://registry.npmjs.org/depd/-/depd-2.0.0.tgz. Extracting by manifest.
506 silly tarball no local data for content-disposition@https://registry.npmjs.org/content-disposition/-/content-disposition-1.1.0.tgz. Extracting by manifest.
507 silly tarball no local data for accepts@https://registry.npmjs.org/accepts/-/accepts-2.0.0.tgz. Extracting by manifest.
508 silly tarball no local data for ms@https://registry.npmjs.org/ms/-/ms-2.1.3.tgz. Extracting by manifest.
509 silly tarball no local data for vary@https://registry.npmjs.org/vary/-/vary-1.1.2.tgz. Extracting by manifest.
510 silly tarball no local data for object-assign@https://registry.npmjs.org/object-assign/-/object-assign-4.1.1.tgz. Extracting by manifest.
511 silly tarball no local data for encodeurl@https://registry.npmjs.org/encodeurl/-/encodeurl-2.0.0.tgz. Extracting by manifest.
512 silly tarball no local data for type-is@https://registry.npmjs.org/type-is/-/type-is-2.0.1.tgz. Extracting by manifest.
513 silly tarball no local data for raw-body@https://registry.npmjs.org/raw-body/-/raw-body-3.0.2.tgz. Extracting by manifest.
514 silly tarball no local data for qs@https://registry.npmjs.org/qs/-/qs-6.15.1.tgz. Extracting by manifest.
515 silly tarball no local data for http-errors@https://registry.npmjs.org/http-errors/-/http-errors-2.0.1.tgz. Extracting by manifest.
516 silly tarball no local data for debug@https://registry.npmjs.org/debug/-/debug-4.4.3.tgz. Extracting by manifest.
517 silly tarball no local data for iconv-lite@https://registry.npmjs.org/iconv-lite/-/iconv-lite-0.7.2.tgz. Extracting by manifest.
518 silly tarball no local data for content-type@https://registry.npmjs.org/content-type/-/content-type-1.0.5.tgz. Extracting by manifest.
519 silly tarball no local data for bytes@https://registry.npmjs.org/bytes/-/bytes-3.1.2.tgz. Extracting by manifest.
520 silly tarball no local data for express@https://registry.npmjs.org/express/-/express-5.2.1.tgz. Extracting by manifest.
521 silly tarball no local data for on-finished@https://registry.npmjs.org/on-finished/-/on-finished-2.4.1.tgz. Extracting by manifest.
522 silly tarball no local data for cors@https://registry.npmjs.org/cors/-/cors-2.8.6.tgz. Extracting by manifest.
523 silly tarball no local data for body-parser@https://registry.npmjs.org/body-parser/-/body-parser-2.2.2.tgz. Extracting by manifest.
524 http fetch GET 200 https://registry.npmjs.org/dunder-proto/-/dunder-proto-1.0.1.tgz 45ms (cache miss)
525 http fetch GET 200 https://registry.npmjs.org/es-object-atoms/-/es-object-atoms-1.1.1.tgz 45ms (cache miss)
526 http fetch GET 200 https://registry.npmjs.org/es-define-property/-/es-define-property-1.0.1.tgz 46ms (cache miss)
527 http fetch GET 200 https://registry.npmjs.org/hasown/-/hasown-2.0.2.tgz 46ms (cache miss)
528 http fetch GET 200 https://registry.npmjs.org/gopd/-/gopd-1.2.0.tgz 46ms (cache miss)
529 http fetch GET 200 https://registry.npmjs.org/has-symbols/-/has-symbols-1.1.0.tgz 46ms (cache miss)
530 http fetch GET 200 https://registry.npmjs.org/media-typer/-/media-typer-1.1.0.tgz 47ms (cache miss)
531 http fetch GET 200 https://registry.npmjs.org/math-intrinsics/-/math-intrinsics-1.1.0.tgz 47ms (cache miss)
532 http fetch GET 200 https://registry.npmjs.org/side-channel-map/-/side-channel-map-1.0.1.tgz 57ms (cache miss)
533 http fetch GET 200 https://registry.npmjs.org/path-to-regexp/-/path-to-regexp-8.4.2.tgz 57ms (cache miss)
534 http fetch GET 200 https://registry.npmjs.org/object-inspect/-/object-inspect-1.13.4.tgz 63ms (cache miss)
535 http fetch GET 200 https://registry.npmjs.org/es-errors/-/es-errors-1.3.0.tgz 66ms (cache miss)
536 http fetch GET 200 https://registry.npmjs.org/unpipe/-/unpipe-1.0.0.tgz 66ms (cache miss)
537 http fetch GET 200 https://registry.npmjs.org/side-channel-list/-/side-channel-list-1.0.1.tgz 67ms (cache miss)
538 http fetch GET 200 https://registry.npmjs.org/side-channel/-/side-channel-1.1.0.tgz 69ms (cache miss)
539 http fetch GET 200 https://registry.npmjs.org/call-bind-apply-helpers/-/call-bind-apply-helpers-1.0.2.tgz 78ms (cache miss)
540 http fetch GET 200 https://registry.npmjs.org/forwarded/-/forwarded-0.2.0.tgz 83ms (cache miss)
541 http fetch GET 200 https://registry.npmjs.org/ipaddr.js/-/ipaddr.js-1.9.1.tgz 83ms (cache miss)
542 http fetch GET 200 https://registry.npmjs.org/wrappy/-/wrappy-1.0.2.tgz 82ms (cache miss)
543 http fetch GET 200 https://registry.npmjs.org/ee-first/-/ee-first-1.1.1.tgz 82ms (cache miss)
544 http fetch GET 200 https://registry.npmjs.org/setprototypeof/-/setprototypeof-1.2.0.tgz 93ms (cache miss)
545 http fetch GET 200 https://registry.npmjs.org/safer-buffer/-/safer-buffer-2.1.2.tgz 93ms (cache miss)
546 http fetch GET 200 https://registry.npmjs.org/mime-db/-/mime-db-1.54.0.tgz 94ms (cache miss)
547 http fetch GET 200 https://registry.npmjs.org/toidentifier/-/toidentifier-1.0.1.tgz 94ms (cache miss)
548 http fetch GET 200 https://registry.npmjs.org/inherits/-/inherits-2.0.4.tgz 101ms (cache miss)
549 http fetch GET 200 https://registry.npmjs.org/range-parser/-/range-parser-1.2.1.tgz 115ms (cache miss)
550 http fetch GET 200 https://registry.npmjs.org/send/-/send-1.2.1.tgz 115ms (cache miss)
551 http fetch GET 200 https://registry.npmjs.org/statuses/-/statuses-2.0.2.tgz 115ms (cache miss)
552 http fetch GET 200 https://registry.npmjs.org/proxy-addr/-/proxy-addr-2.0.7.tgz 120ms (cache miss)
553 http fetch GET 200 https://registry.npmjs.org/negotiator/-/negotiator-1.0.0.tgz 121ms (cache miss)
554 http fetch GET 200 https://registry.npmjs.org/router/-/router-2.2.0.tgz 121ms (cache miss)
555 http fetch GET 200 https://registry.npmjs.org/parseurl/-/parseurl-1.3.3.tgz 127ms (cache miss)
556 http fetch GET 200 https://registry.npmjs.org/serve-static/-/serve-static-2.2.1.tgz 128ms (cache miss)
557 http fetch GET 200 https://registry.npmjs.org/merge-descriptors/-/merge-descriptors-2.0.0.tgz 145ms (cache miss)
558 http fetch GET 200 https://registry.npmjs.org/once/-/once-1.4.0.tgz 145ms (cache miss)
559 http fetch GET 200 https://registry.npmjs.org/mime-types/-/mime-types-3.0.2.tgz 145ms (cache miss)
560 http fetch GET 200 https://registry.npmjs.org/fresh/-/fresh-2.0.0.tgz 145ms (cache miss)
561 http fetch GET 200 https://registry.npmjs.org/finalhandler/-/finalhandler-2.1.1.tgz 147ms (cache miss)
562 http fetch GET 200 https://registry.npmjs.org/escape-html/-/escape-html-1.0.3.tgz 151ms (cache miss)
563 http fetch GET 200 https://registry.npmjs.org/etag/-/etag-1.8.1.tgz 151ms (cache miss)
564 http fetch GET 200 https://registry.npmjs.org/content-disposition/-/content-disposition-1.1.0.tgz 183ms (cache miss)
565 http fetch GET 200 https://registry.npmjs.org/cookie-signature/-/cookie-signature-1.2.2.tgz 184ms (cache miss)
566 http fetch GET 200 https://registry.npmjs.org/cookie/-/cookie-0.7.2.tgz 184ms (cache miss)
567 http fetch GET 200 https://registry.npmjs.org/is-promise/-/is-promise-4.0.0.tgz 184ms (cache miss)
568 http fetch GET 200 https://registry.npmjs.org/ms/-/ms-2.1.3.tgz 183ms (cache miss)
569 http fetch GET 200 https://registry.npmjs.org/depd/-/depd-2.0.0.tgz 183ms (cache miss)
570 http fetch GET 200 https://registry.npmjs.org/object-assign/-/object-assign-4.1.1.tgz 183ms (cache miss)
571 http fetch GET 200 https://registry.npmjs.org/accepts/-/accepts-2.0.0.tgz 183ms (cache miss)
572 http fetch GET 200 https://registry.npmjs.org/vary/-/vary-1.1.2.tgz 183ms (cache miss)
573 http fetch GET 200 https://registry.npmjs.org/encodeurl/-/encodeurl-2.0.0.tgz 186ms (cache miss)
574 http fetch GET 200 https://registry.npmjs.org/raw-body/-/raw-body-3.0.2.tgz 186ms (cache miss)
575 http fetch GET 200 https://registry.npmjs.org/type-is/-/type-is-2.0.1.tgz 194ms (cache miss)
576 http fetch GET 200 https://registry.npmjs.org/qs/-/qs-6.15.1.tgz 195ms (cache miss)
577 http fetch GET 200 https://registry.npmjs.org/http-errors/-/http-errors-2.0.1.tgz 207ms (cache miss)
578 http fetch GET 200 https://registry.npmjs.org/bytes/-/bytes-3.1.2.tgz 210ms (cache miss)
579 http fetch GET 200 https://registry.npmjs.org/content-type/-/content-type-1.0.5.tgz 214ms (cache miss)
580 http fetch GET 200 https://registry.npmjs.org/on-finished/-/on-finished-2.4.1.tgz 213ms (cache miss)
581 http fetch GET 200 https://registry.npmjs.org/debug/-/debug-4.4.3.tgz 214ms (cache miss)
582 http fetch GET 200 https://registry.npmjs.org/express/-/express-5.2.1.tgz 213ms (cache miss)
583 http fetch GET 200 https://registry.npmjs.org/cors/-/cors-2.8.6.tgz 224ms (cache miss)
584 http fetch GET 200 https://registry.npmjs.org/iconv-lite/-/iconv-lite-0.7.2.tgz 226ms (cache miss)
585 http fetch GET 200 https://registry.npmjs.org/body-parser/-/body-parser-2.2.2.tgz 237ms (cache miss)
586 http fetch POST 200 https://registry.npmjs.org/-/npm/v1/security/advisories/bulk 301ms
587 silly audit report {}
588 http fetch GET 200 https://registry.npmjs.org/function-bind/-/function-bind-1.1.2.tgz 318ms (cache miss)
589 http fetch GET 200 https://registry.npmjs.org/get-intrinsic/-/get-intrinsic-1.3.0.tgz 573ms (cache miss)
590 http fetch GET 200 https://registry.npmjs.org/get-proto/-/get-proto-1.0.1.tgz 844ms (cache miss)
591 http fetch GET 200 https://registry.npmjs.org/call-bound/-/call-bound-1.0.4.tgz 1092ms (cache miss)
592 http fetch GET 200 https://registry.npmjs.org/side-channel-weakmap/-/side-channel-weakmap-1.0.2.tgz 1335ms (cache miss)
593 silly ADD node_modules/media-typer
594 silly ADD node_modules/dunder-proto
595 silly ADD node_modules/math-intrinsics
596 silly ADD node_modules/hasown
597 silly ADD node_modules/has-symbols
598 silly ADD node_modules/gopd
599 silly ADD node_modules/get-proto
600 silly ADD node_modules/es-object-atoms
601 silly ADD node_modules/es-define-property
602 silly ADD node_modules/function-bind
603 silly ADD node_modules/call-bind-apply-helpers
604 silly ADD node_modules/get-intrinsic
605 silly ADD node_modules/call-bound
606 silly ADD node_modules/side-channel-weakmap
607 silly ADD node_modules/side-channel-map
608 silly ADD node_modules/side-channel-list
609 silly ADD node_modules/object-inspect
610 silly ADD node_modules/es-errors
611 silly ADD node_modules/path-to-regexp
612 silly ADD node_modules/is-promise
613 silly ADD node_modules/unpipe
614 silly ADD node_modules/side-channel
615 silly ADD node_modules/ipaddr.js
616 silly ADD node_modules/forwarded
617 silly ADD node_modules/wrappy
618 silly ADD node_modules/ee-first
619 silly ADD node_modules/mime-db
620 silly ADD node_modules/safer-buffer
621 silly ADD node_modules/toidentifier
622 silly ADD node_modules/setprototypeof
623 silly ADD node_modules/inherits
624 silly ADD node_modules/negotiator
625 silly ADD node_modules/statuses
626 silly ADD node_modules/serve-static
627 silly ADD node_modules/send
628 silly ADD node_modules/router
629 silly ADD node_modules/range-parser
630 silly ADD node_modules/proxy-addr
631 silly ADD node_modules/parseurl
632 silly ADD node_modules/once
633 silly ADD node_modules/mime-types
634 silly ADD node_modules/merge-descriptors
635 silly ADD node_modules/fresh
636 silly ADD node_modules/finalhandler
637 silly ADD node_modules/etag
638 silly ADD node_modules/escape-html
639 silly ADD node_modules/encodeurl
640 silly ADD node_modules/depd
641 silly ADD node_modules/cookie-signature
642 silly ADD node_modules/cookie
643 silly ADD node_modules/content-disposition
644 silly ADD node_modules/accepts
645 silly ADD node_modules/ms
646 silly ADD node_modules/vary
647 silly ADD node_modules/object-assign
648 silly ADD node_modules/type-is
649 silly ADD node_modules/raw-body
650 silly ADD node_modules/qs
651 silly ADD node_modules/on-finished
652 silly ADD node_modules/iconv-lite
653 silly ADD node_modules/http-errors
654 silly ADD node_modules/debug
655 silly ADD node_modules/content-type
656 silly ADD node_modules/bytes
657 silly ADD node_modules/express
658 silly ADD node_modules/cors
659 silly ADD node_modules/body-parser
660 verbose cwd /Users/sahilansari/My Disk/Project X/server
661 verbose os Darwin 25.2.0
662 verbose node v22.21.0
663 verbose npm  v10.9.4
664 notice
664 notice New major version of npm available! 10.9.4 -> 11.12.1
664 notice Changelog: https://github.com/npm/cli/releases/tag/v11.12.1
664 notice To update run: npm install -g npm@11.12.1
664 notice  { force: true, [Symbol(proc-log.meta)]: true }
665 verbose exit 0
666 info ok
