0 verbose cli /usr/local/bin/node /usr/local/bin/npm
1 info using npm@10.9.4
2 info using node@v22.21.0
3 silly config load:file:/usr/local/lib/node_modules/npm/npmrc
4 silly config load:file:/Users/sahilansari/My Disk/Project X/server/.npmrc
5 silly config load:file:/Users/sahilansari/.npmrc
6 silly config load:file:/usr/local/etc/npmrc
7 verbose title npm install nodemailer crypto
8 verbose argv "install" "nodemailer" "crypto"
9 verbose logfile logs-max:10 dir:/Users/sahilansari/My Disk/Project X/server/.npm-cache/_logs/2026-04-17T12_49_16_276Z-
10 verbose logfile /Users/sahilansari/My Disk/Project X/server/.npm-cache/_logs/2026-04-17T12_49_16_276Z-debug-0.log
11 silly logfile done cleaning log files
12 silly packumentCache heap:4345298944 maxSize:1086324736 maxEntrySize:543162368
13 silly idealTree buildDeps
14 silly fetch manifest nodemailer@*
15 silly packumentCache full:https://registry.npmjs.org/nodemailer cache-miss
16 http fetch GET 200 https://registry.npmjs.org/nodemailer 227ms (cache miss)
17 silly packumentCache full:https://registry.npmjs.org/nodemailer set size:undefined disposed:false
18 silly fetch manifest crypto@*
19 silly packumentCache full:https://registry.npmjs.org/crypto cache-miss
20 http fetch GET 200 https://registry.npmjs.org/crypto 27ms (cache miss)
21 silly packumentCache full:https://registry.npmjs.org/crypto set size:undefined disposed:false
22 silly placeDep ROOT crypto@1.0.1 OK for: server@1.0.0 want: *
23 silly placeDep ROOT nodemailer@8.0.5 OK for: server@1.0.0 want: *
24 silly reify moves {}
25 silly audit bulk request {
25 silly audit   accepts: [ '2.0.0' ],
25 silly audit   'body-parser': [ '2.2.2' ],
25 silly audit   bytes: [ '3.1.2' ],
25 silly audit   'call-bind-apply-helpers': [ '1.0.2' ],
25 silly audit   'call-bound': [ '1.0.4' ],
25 silly audit   'content-disposition': [ '1.1.0' ],
25 silly audit   'content-type': [ '1.0.5' ],
25 silly audit   cookie: [ '0.7.2' ],
25 silly audit   'cookie-signature': [ '1.2.2' ],
25 silly audit   cors: [ '2.8.6' ],
25 silly audit   debug: [ '4.4.3' ],
25 silly audit   depd: [ '2.0.0' ],
25 silly audit   'dunder-proto': [ '1.0.1' ],
25 silly audit   'ee-first': [ '1.1.1' ],
25 silly audit   encodeurl: [ '2.0.0' ],
25 silly audit   'es-define-property': [ '1.0.1' ],
25 silly audit   'es-errors': [ '1.3.0' ],
25 silly audit   'es-object-atoms': [ '1.1.1' ],
25 silly audit   'escape-html': [ '1.0.3' ],
25 silly audit   etag: [ '1.8.1' ],
25 silly audit   express: [ '5.2.1' ],
25 silly audit   finalhandler: [ '2.1.1' ],
25 silly audit   forwarded: [ '0.2.0' ],
25 silly audit   fresh: [ '2.0.0' ],
25 silly audit   'function-bind': [ '1.1.2' ],
25 silly audit   'get-intrinsic': [ '1.3.0' ],
25 silly audit   'get-proto': [ '1.0.1' ],
25 silly audit   gopd: [ '1.2.0' ],
25 silly audit   'has-symbols': [ '1.1.0' ],
25 silly audit   hasown: [ '2.0.2' ],
25 silly audit   'http-errors': [ '2.0.1' ],
25 silly audit   'iconv-lite': [ '0.7.2' ],
25 silly audit   inherits: [ '2.0.4' ],
25 silly audit   'ipaddr.js': [ '1.9.1' ],
25 silly audit   'is-promise': [ '4.0.0' ],
25 silly audit   'math-intrinsics': [ '1.1.0' ],
25 silly audit   'media-typer': [ '1.1.0' ],
25 silly audit   'merge-descriptors': [ '2.0.0' ],
25 silly audit   'mime-db': [ '1.54.0' ],
25 silly audit   'mime-types': [ '3.0.2' ],
25 silly audit   ms: [ '2.1.3' ],
25 silly audit   negotiator: [ '1.0.0' ],
25 silly audit   'object-assign': [ '4.1.1' ],
25 silly audit   'object-inspect': [ '1.13.4' ],
25 silly audit   'on-finished': [ '2.4.1' ],
25 silly audit   once: [ '1.4.0' ],
25 silly audit   parseurl: [ '1.3.3' ],
25 silly audit   'path-to-regexp': [ '8.4.2' ],
25 silly audit   'proxy-addr': [ '2.0.7' ],
25 silly audit   qs: [ '6.15.1' ],
25 silly audit   'range-parser': [ '1.2.1' ],
25 silly audit   'raw-body': [ '3.0.2' ],
25 silly audit   router: [ '2.2.0' ],
25 silly audit   'safer-buffer': [ '2.1.2' ],
25 silly audit   send: [ '1.2.1' ],
25 silly audit   'serve-static': [ '2.2.1' ],
25 silly audit   setprototypeof: [ '1.2.0' ],
25 silly audit   'side-channel': [ '1.1.0' ],
25 silly audit   'side-channel-list': [ '1.0.1' ],
25 silly audit   'side-channel-map': [ '1.0.1' ],
25 silly audit   'side-channel-weakmap': [ '1.0.2' ],
25 silly audit   statuses: [ '2.0.2' ],
25 silly audit   toidentifier: [ '1.0.1' ],
25 silly audit   'type-is': [ '2.0.1' ],
25 silly audit   unpipe: [ '1.0.0' ],
25 silly audit   vary: [ '1.1.2' ],
25 silly audit   wrappy: [ '1.0.2' ],
25 silly audit   crypto: [ '1.0.1' ],
25 silly audit   nodemailer: [ '8.0.5' ]
25 silly audit }
26 http cache nodemailer@https://registry.npmjs.org/nodemailer/-/nodemailer-8.0.5.tgz 0ms (cache hit)
27 http cache crypto@https://registry.npmjs.org/crypto/-/crypto-1.0.1.tgz 0ms (cache hit)
28 silly tarball no local data for crypto@https://registry.npmjs.org/crypto/-/crypto-1.0.1.tgz. Extracting by manifest.
29 silly tarball no local data for nodemailer@https://registry.npmjs.org/nodemailer/-/nodemailer-8.0.5.tgz. Extracting by manifest.
30 http fetch GET 200 https://registry.npmjs.org/nodemailer/-/nodemailer-8.0.5.tgz 72ms (cache miss)
31 http fetch POST 200 https://registry.npmjs.org/-/npm/v1/security/advisories/bulk 262ms
32 silly audit report {}
33 http fetch GET 200 https://registry.npmjs.org/crypto/-/crypto-1.0.1.tgz 320ms (cache miss)
34 warn deprecated crypto@1.0.1: This package is no longer supported. It's now a built-in Node module. If you've depended on crypto, you should switch to the one that's built-in.
35 silly ADD node_modules/nodemailer
36 silly ADD node_modules/crypto
37 verbose cwd /Users/sahilansari/My Disk/Project X/server
38 verbose os Darwin 25.2.0
39 verbose node v22.21.0
40 verbose npm  v10.9.4
41 verbose exit 0
42 info ok
